<?xml version="1.0" encoding="UTF-8"?>
<testsuite xmlns:xsi="http://www.w3.org/2001/XMLSchema-instance" xsi:noNamespaceSchemaLocation="https://maven.apache.org/surefire/maven-surefire-plugin/xsd/surefire-test-report.xsd" name="com.cognizant.authorization.AuthorizationServiceApplicationTests" time="10.34" tests="2" errors="2" skipped="0" failures="0">
  <properties>
[...]
</properties>
  <testcase name="main" classname="com.cognizant.authorization.AuthorizationServiceApplicationTests" time="5.545">
    <error message="Failed to start bean &apos;webServerStartStop&apos;; nested exception is org.springframework.boot.web.server.PortInUseException: Port 8089 is already in use" type="org.springframework.context.ApplicationContextException">org.springframework.context.ApplicationContextException: Failed to start bean 'webServerStartStop'; nested exception is org.springframework.boot.web.server.PortInUseException: Port 8089 is already in use
	at com.cognizant.authorization.AuthorizationServiceApplicationTests.main(AuthorizationServiceApplicationTests.java:18)
Caused by: org.springframework.boot.web.server.PortInUseException: Port 8089 is already in use
	at com.cognizant.authorization.AuthorizationServiceApplicationTests.main(AuthorizationServiceApplicationTests.java:18)
Caused by: java.lang.IllegalArgumentException: standardService.connector.startFailed
	at com.cognizant.authorization.AuthorizationServiceApplicationTests.main(AuthorizationServiceApplicationTests.java:18)
Caused by: org.apache.catalina.LifecycleException: Protocol handler start failed
	at com.cognizant.authorization.AuthorizationServiceApplicationTests.main(AuthorizationServiceApplicationTests.java:18)
Caused by: java.net.BindException: Address already in use: bind
	at com.cognizant.authorization.AuthorizationServiceApplicationTests.main(AuthorizationServiceApplicationTests.java:18)
</error>
    <system-out><![CDATA[19-07-21 01:35:05.591 main                 DEBUG izationServiceApplication                      main   15 START
19-07-21 01:35:05.595 main                 DEBUG tandardServletEnvironment         setActiveProfiles  252 Activating profiles []

  .   ____          _            __ _ _
 /\\ / ___'_ __ _ _(_)_ __  __ _ \ \ \ \
( ( )\___ | '_ | '_| | '_ \/ _` | \ \ \ \
 \\/  ___)| |_)| | | | | || (_| |  ) ) ) )
  '  |____| .__|_| |_|_| |_\__, | / / / /
 =========|_|==============|___/=/_/_/_/
 :: Spring Boot ::        (v2.3.4.RELEASE)

19-07-21 01:35:06.008 main                  INFO izationServiceApplication     logStartupProfileInfo  651 No active profile set, falling back to default profiles: default
19-07-21 01:35:06.501 main                  INFO toryConfigurationDelegate    registerRepositoriesIn  127 Bootstrapping Spring Data JPA repositories in DEFERRED mode.
19-07-21 01:35:06.524 main                  INFO toryConfigurationDelegate    registerRepositoriesIn  187 Finished Spring Data repository scanning in 21ms. Found 1 JPA repository interfaces.
19-07-21 01:35:06.619 main                  INFO o.s.c.c.s.GenericScope           setSerializationId  295 BeanFactory id=b51b8cc9-a43a-3c2c-8db7-3d4fdadaa3d4
19-07-21 01:35:06.881 main                  INFO s.b.w.e.t.TomcatWebServer                initialize  108 Tomcat initialized with port(s): 8089 (http)
19-07-21 01:35:06.899 main                  INFO o.a.c.c.StandardService                         log  173 Starting service [Tomcat]
19-07-21 01:35:06.900 main                  INFO o.a.c.core.StandardEngine                       log  173 Starting Servlet engine: [Apache Tomcat/9.0.38]
19-07-21 01:35:07.136 main                  INFO o.a.c.c.C.[.[.[/api/auth]                       log  173 Initializing Spring embedded WebApplicationContext
19-07-21 01:35:07.136 main                  INFO bServerApplicationContext prepareWebApplicationContext  285 Root WebApplicationContext: initialization completed in 1123 ms
19-07-21 01:35:07.243 main                 DEBUG c.c.a.s.JwtRequestFilter                       init  242 Filter 'jwtRequestFilter' configured for use
19-07-21 01:35:07.304 main                  INFO .c.ThreadPoolTaskExecutor                initialize  181 Initializing ExecutorService 'applicationTaskExecutor'
19-07-21 01:35:07.319 task-1                INFO o.h.j.i.util.LogHelper    logPersistenceUnitInformation   31 HHH000204: Processing PersistenceUnitInfo [name: default]
19-07-21 01:35:07.335 task-1                INFO c.z.h.HikariDataSource                getConnection  110 HikariPool-2 - Starting...
19-07-21 01:35:07.336 task-1                INFO c.z.h.HikariDataSource                getConnection  123 HikariPool-2 - Start completed.
19-07-21 01:35:07.337 task-1                INFO o.h.dialect.Dialect                          <init>  170 HHH000400: Using dialect: org.hibernate.dialect.H2Dialect
19-07-21 01:35:07.365 main                  WARN ation$JpaWebConfiguration openEntityManagerInViewInterceptor  220 spring.jpa.open-in-view is enabled by default. Therefore, database queries may be performed during view rendering. Explicitly configure spring.jpa.open-in-view to disable this warning
19-07-21 01:35:07.381 task-1               DEBUG org.hibernate.SQL                      logStatement  128 drop table if exists user CASCADE 
Hibernate: drop table if exists user CASCADE 
19-07-21 01:35:07.387 task-1               DEBUG org.hibernate.SQL                      logStatement  128 create table user (userid varchar(20) not null, password varchar(20), username varchar(20), primary key (userid))
Hibernate: create table user (userid varchar(20) not null, password varchar(20), username varchar(20), primary key (userid))
19-07-21 01:35:07.389 main                  INFO c.c.a.c.WebSecurityConfig authenticationManagerBean   69 START
19-07-21 01:35:07.390 main                  INFO c.c.a.c.WebSecurityConfig authenticationManagerBean   70 END
19-07-21 01:35:07.393 task-1                INFO .p.i.JtaPlatformInitiator           initiateService   52 HHH000490: Using JtaPlatform implementation: [org.hibernate.engine.transaction.jta.platform.internal.NoJtaPlatform]
19-07-21 01:35:07.393 task-1                INFO rEntityManagerFactoryBean buildNativeEntityManagerFactory  416 Initialized JPA EntityManagerFactory for persistence unit 'default'
19-07-21 01:35:07.431 main                  INFO c.c.a.c.WebSecurityConfig                 configure   42 START
19-07-21 01:35:07.432 main                  INFO c.c.a.c.WebSecurityConfig                 configure   45 END
19-07-21 01:35:07.439 main                  INFO c.c.a.c.WebSecurityConfig        getPasswordEncoder   80 START
19-07-21 01:35:07.439 main                  INFO c.c.a.c.WebSecurityConfig        getPasswordEncoder   81 END
19-07-21 01:35:07.442 main                  INFO c.c.a.c.WebSecurityConfig                 configure   55 START
19-07-21 01:35:07.443 main                 DEBUG c.c.a.c.WebSecurityConfig                 configure   59 SESSION CREATE POLICY org.springframework.security.config.annotation.web.configurers.SessionManagementConfigurer@40c0937f:
19-07-21 01:35:07.444 main                 DEBUG c.c.a.c.WebSecurityConfig                 configure   62 ADD FILTER BEFOREorg.springframework.security.config.annotation.web.builders.HttpSecurity@21f1f60e:
19-07-21 01:35:07.444 main                  INFO c.c.a.c.WebSecurityConfig                 configure   63 END
19-07-21 01:35:07.444 main                  INFO c.c.a.c.WebSecurityConfig                 configure   93 START
19-07-21 01:35:07.445 main                 DEBUG c.c.a.c.WebSecurityConfig                 configure   96 ANT MATCHERSorg.springframework.security.config.annotation.web.builders.WebSecurity$IgnoredRequestConfigurer@157e14f2:
19-07-21 01:35:07.445 main                  INFO c.c.a.c.WebSecurityConfig                 configure   97 END
19-07-21 01:35:07.445 main                  INFO efaultSecurityFilterChain                    <init>   43 Creating filter chain: Ant [pattern='/login'], []
19-07-21 01:35:07.446 main                  INFO efaultSecurityFilterChain                    <init>   43 Creating filter chain: Ant [pattern='/h2-console/**'], []
19-07-21 01:35:07.446 main                  INFO efaultSecurityFilterChain                    <init>   43 Creating filter chain: Ant [pattern='/configuration/ui'], []
19-07-21 01:35:07.446 main                  INFO efaultSecurityFilterChain                    <init>   43 Creating filter chain: Ant [pattern='/configuration/security'], []
19-07-21 01:35:07.447 main                  INFO efaultSecurityFilterChain                    <init>   43 Creating filter chain: Ant [pattern='/webjars/**'], []
19-07-21 01:35:07.447 main                  INFO efaultSecurityFilterChain                    <init>   43 Creating filter chain: Ant [pattern='/manage/health/**'], []
19-07-21 01:35:07.452 main                  INFO efaultSecurityFilterChain                    <init>   43 Creating filter chain: any request, [org.springframework.security.web.context.request.async.WebAsyncManagerIntegrationFilter@4403cf9a, org.springframework.security.web.context.SecurityContextPersistenceFilter@6873c7e6, org.springframework.security.web.header.HeaderWriterFilter@380567a7, org.springframework.security.web.authentication.logout.LogoutFilter@29963f9a, com.cognizant.authorization.service.JwtRequestFilter@3ee640fa, org.springframework.security.web.savedrequest.RequestCacheAwareFilter@4c2ff77, org.springframework.security.web.servletapi.SecurityContextHolderAwareRequestFilter@17e99817, org.springframework.security.web.authentication.AnonymousAuthenticationFilter@595f803, org.springframework.security.web.session.SessionManagementFilter@3c9788c, org.springframework.security.web.access.ExceptionTranslationFilter@3e5a40e7, org.springframework.security.web.access.intercept.FilterSecurityInterceptor@91a7497]
19-07-21 01:35:07.458 main                  WARN ArchaiusAutoConfiguration         configureArchaius  166 Netflix ConfigurationManager has already been installed, unable to re-install
19-07-21 01:35:07.526 main                 DEBUG uestMappingHandlerAdapter initControllerAdviceCache  614 ControllerAdvice beans: 0 @ModelAttribute, 0 @InitBinder, 1 RequestBodyAdvice, 1 ResponseBodyAdvice
19-07-21 01:35:07.543 main                 DEBUG uestMappingHandlerMapping handlerMethodsInitialized  351 4 mappings in 'requestMappingHandlerMapping'
19-07-21 01:35:07.561 main                 DEBUG h.SimpleUrlHandlerMapping          registerHandlers  173 Patterns [/webjars/**, /**] in 'resourceHandlerMapping'
19-07-21 01:35:07.570 main                 DEBUG nHandlerExceptionResolver initExceptionHandlerAdviceCache  297 ControllerAdvice beans: 1 @ExceptionHandler, 1 ResponseBodyAdvice
19-07-21 01:35:07.858 main                  INFO OptionalArgsConfiguration discoveryClientOptionalArgs   78 Eureka HTTP Client uses Jersey
19-07-21 01:35:07.875 main                  WARN cerClientRibbonWarnLogger                logWarning   86 You already have RibbonLoadBalancerClient on your classpath. It will be used by default. As Spring Cloud Ribbon is in maintenance mode. We recommend switching to BlockingLoadBalancerClient instead. In order to use it, set the value of `spring.cloud.loadbalancer.ribbon.enabled` to `false` or remove spring-cloud-starter-netflix-ribbon from your project.
19-07-21 01:35:07.892 main                  INFO e.w.EndpointLinksResolver                    <init>   58 Exposing 2 endpoint(s) beneath base path '/actuator'
19-07-21 01:35:07.909 main                  INFO c.n.e.InstanceInfoFactory                    create   72 Setting initial instance status as: STARTING
19-07-21 01:35:07.917 main                  INFO c.n.d.DiscoveryClient                        <init>  371 Initializing Eureka in region us-east-1
19-07-21 01:35:07.921 main                  INFO p.DiscoveryJerseyProvider                    <init>   70 Using JSON encoding codec LegacyJacksonJson
19-07-21 01:35:07.922 main                  INFO p.DiscoveryJerseyProvider                    <init>   71 Using JSON decoding codec LegacyJacksonJson
19-07-21 01:35:07.923 main                  INFO p.DiscoveryJerseyProvider                    <init>   80 Using XML encoding codec XStreamXml
19-07-21 01:35:07.923 main                  INFO p.DiscoveryJerseyProvider                    <init>   81 Using XML decoding codec XStreamXml
19-07-21 01:35:08.002 main                  INFO r.a.ConfigClusterResolver       getClusterEndpoints   43 Resolving eureka endpoints via configuration
19-07-21 01:35:08.005 main                  INFO c.n.d.DiscoveryClient                 fetchRegistry 1004 Disable delta property : false
19-07-21 01:35:08.005 main                  INFO c.n.d.DiscoveryClient                 fetchRegistry 1005 Single vip registry refresh property : null
19-07-21 01:35:08.006 main                  INFO c.n.d.DiscoveryClient                 fetchRegistry 1006 Force full registry fetch : false
19-07-21 01:35:08.006 main                  INFO c.n.d.DiscoveryClient                 fetchRegistry 1007 Application is null : false
19-07-21 01:35:08.007 main                  INFO c.n.d.DiscoveryClient                 fetchRegistry 1008 Registered Applications size is zero : true
19-07-21 01:35:08.008 main                  INFO c.n.d.DiscoveryClient                 fetchRegistry 1010 Application version is -1: true
19-07-21 01:35:08.008 main                  INFO c.n.d.DiscoveryClient       getAndStoreFullRegistry 1093 Getting all instance registry info from the eureka server
19-07-21 01:35:08.016 main                  INFO c.n.d.DiscoveryClient       getAndStoreFullRegistry 1102 The response status is 200
19-07-21 01:35:08.017 main                  INFO c.n.d.DiscoveryClient            initScheduledTasks 1317 Starting heartbeat executor: renew interval is: 30
19-07-21 01:35:08.018 main                  INFO .d.InstanceInfoReplicator                    <init>   60 InstanceInfoReplicator onDemand update allowed rate per min is 4
19-07-21 01:35:08.020 main                  INFO c.n.d.DiscoveryClient                        <init>  491 Discovery Client initialized at timestamp 1626638708020 with initial instances count: 5
19-07-21 01:35:08.023 main                  INFO e.s.EurekaServiceRegistry                  register   41 Registering application CMS-AUTHORIZATION-SERVICE with eureka with status UP
19-07-21 01:35:08.024 main                  INFO c.n.d.DiscoveryClient                        notify 1353 Saw local status change event StatusChangeEvent [timestamp=1626638708024, current=UP, previous=STARTING]
19-07-21 01:35:08.024 anceInfoReplicator-0  INFO c.n.d.DiscoveryClient                      register  870 DiscoveryClient_CMS-AUTHORIZATION-SERVICE/LAPTOP-8FRVNDL1:cms-authorization-service:8089: registering service...
19-07-21 01:35:08.029 anceInfoReplicator-0  INFO c.n.d.DiscoveryClient                      register  879 DiscoveryClient_CMS-AUTHORIZATION-SERVICE/LAPTOP-8FRVNDL1:cms-authorization-service:8089 - registration status: 204
19-07-21 01:35:08.047 main                  WARN bServerApplicationContext                   refresh  559 Exception encountered during context initialization - cancelling refresh attempt: org.springframework.context.ApplicationContextException: Failed to start bean 'webServerStartStop'; nested exception is org.springframework.boot.web.server.PortInUseException: Port 8089 is already in use
19-07-21 01:35:08.051 main                  INFO rEntityManagerFactoryBean                   destroy  598 Closing JPA EntityManagerFactory for persistence unit 'default'
19-07-21 01:35:08.052 main                  INFO mpl$DelayedDropActionImpl                   perform  526 HHH000477: Starting delayed evictData of schema as part of SessionFactory shut-down'
19-07-21 01:35:08.052 main                 DEBUG org.hibernate.SQL                      logStatement  128 drop table if exists user CASCADE 
Hibernate: drop table if exists user CASCADE 
19-07-21 01:35:08.058 main                  INFO .c.ThreadPoolTaskExecutor                  shutdown  218 Shutting down ExecutorService 'applicationTaskExecutor'
19-07-21 01:35:08.059 main                  INFO c.z.h.HikariDataSource                        close  350 HikariPool-2 - Shutdown initiated...
19-07-21 01:35:08.062 main                  INFO c.z.h.HikariDataSource                        close  352 HikariPool-2 - Shutdown completed.
19-07-21 01:35:08.063 main                  INFO c.n.d.DiscoveryClient                      shutdown  932 Shutting down DiscoveryClient ...
19-07-21 01:35:11.078 main                  INFO c.n.d.DiscoveryClient                    unregister  968 Unregistering ...
19-07-21 01:35:11.087 main                  INFO c.n.d.DiscoveryClient                    unregister  970 DiscoveryClient_CMS-AUTHORIZATION-SERVICE/LAPTOP-8FRVNDL1:cms-authorization-service:8089 - deregister  status: 200
19-07-21 01:35:11.106 main                  INFO c.n.d.DiscoveryClient                      shutdown  957 Completed shut down of DiscoveryClient
19-07-21 01:35:11.109 main                  INFO o.a.c.c.StandardService                         log  173 Stopping service [Tomcat]
19-07-21 01:35:11.122 main                  INFO tionReportLoggingListener                logMessage  136 

Error starting ApplicationContext. To display the conditions report re-run your application with 'debug' enabled.
19-07-21 01:35:11.126 main                 ERROR ngFailureAnalysisReporter                    report   40 

***************************
APPLICATION FAILED TO START
***************************

Description:

Web server failed to start. Port 8089 was already in use.

Action:

Identify and stop the process that's listening on port 8089 or configure this application to listen on another port.

]]></system-out>
  </testcase>
  <testcase name="main2" classname="com.cognizant.authorization.AuthorizationServiceApplicationTests" time="4.786">
    <error message="Failed to start bean &apos;webServerStartStop&apos;; nested exception is org.springframework.boot.web.server.PortInUseException: Port 8089 is already in use" type="org.springframework.context.ApplicationContextException">org.springframework.context.ApplicationContextException: Failed to start bean 'webServerStartStop'; nested exception is org.springframework.boot.web.server.PortInUseException: Port 8089 is already in use
	at com.cognizant.authorization.AuthorizationServiceApplicationTests.main2(AuthorizationServiceApplicationTests.java:13)
Caused by: org.springframework.boot.web.server.PortInUseException: Port 8089 is already in use
	at com.cognizant.authorization.AuthorizationServiceApplicationTests.main2(AuthorizationServiceApplicationTests.java:13)
Caused by: java.lang.IllegalArgumentException: standardService.connector.startFailed
	at com.cognizant.authorization.AuthorizationServiceApplicationTests.main2(AuthorizationServiceApplicationTests.java:13)
Caused by: org.apache.catalina.LifecycleException: Protocol handler start failed
	at com.cognizant.authorization.AuthorizationServiceApplicationTests.main2(AuthorizationServiceApplicationTests.java:13)
Caused by: java.net.BindException: Address already in use: bind
	at com.cognizant.authorization.AuthorizationServiceApplicationTests.main2(AuthorizationServiceApplicationTests.java:13)
</error>
    <system-out><![CDATA[
  .   ____          _            __ _ _
 /\\ / ___'_ __ _ _(_)_ __  __ _ \ \ \ \
( ( )\___ | '_ | '_| | '_ \/ _` | \ \ \ \
 \\/  ___)| |_)| | | | | || (_| |  ) ) ) )
  '  |____| .__|_| |_|_| |_\__, | / / / /
 =========|_|==============|___/=/_/_/_/
 :: Spring Boot ::        (v2.3.4.RELEASE)

19-07-21 01:35:11.417 main                  INFO o.a.m.s.b.ForkedBooter        logStartupProfileInfo  651 No active profile set, falling back to default profiles: default
19-07-21 01:35:11.797 main                  INFO toryConfigurationDelegate    registerRepositoriesIn  127 Bootstrapping Spring Data JPA repositories in DEFERRED mode.
19-07-21 01:35:11.824 main                  INFO toryConfigurationDelegate    registerRepositoriesIn  187 Finished Spring Data repository scanning in 25ms. Found 1 JPA repository interfaces.
19-07-21 01:35:11.933 main                  INFO o.s.c.c.s.GenericScope           setSerializationId  295 BeanFactory id=b51b8cc9-a43a-3c2c-8db7-3d4fdadaa3d4
19-07-21 01:35:12.014 main                  INFO s.b.w.e.t.TomcatWebServer                initialize  108 Tomcat initialized with port(s): 8089 (http)
19-07-21 01:35:12.016 main                  INFO o.a.c.c.StandardService                         log  173 Starting service [Tomcat]
19-07-21 01:35:12.016 main                  INFO o.a.c.core.StandardEngine                       log  173 Starting Servlet engine: [Apache Tomcat/9.0.38]
19-07-21 01:35:12.079 main                  INFO o.a.c.c.C.[.[.[/api/auth]                       log  173 Initializing Spring embedded WebApplicationContext
19-07-21 01:35:12.079 main                  INFO bServerApplicationContext prepareWebApplicationContext  285 Root WebApplicationContext: initialization completed in 660 ms
19-07-21 01:35:12.137 main                 DEBUG c.c.a.s.JwtRequestFilter                       init  242 Filter 'jwtRequestFilter' configured for use
19-07-21 01:35:12.181 main                  INFO .c.ThreadPoolTaskExecutor                initialize  181 Initializing ExecutorService 'applicationTaskExecutor'
19-07-21 01:35:12.192 task-1                INFO o.h.j.i.util.LogHelper    logPersistenceUnitInformation   31 HHH000204: Processing PersistenceUnitInfo [name: default]
19-07-21 01:35:12.203 task-1                INFO c.z.h.HikariDataSource                getConnection  110 HikariPool-3 - Starting...
19-07-21 01:35:12.204 task-1                INFO c.z.h.HikariDataSource                getConnection  123 HikariPool-3 - Start completed.
19-07-21 01:35:12.205 task-1                INFO o.h.dialect.Dialect                          <init>  170 HHH000400: Using dialect: org.hibernate.dialect.H2Dialect
19-07-21 01:35:12.230 main                  WARN ation$JpaWebConfiguration openEntityManagerInViewInterceptor  220 spring.jpa.open-in-view is enabled by default. Therefore, database queries may be performed during view rendering. Explicitly configure spring.jpa.open-in-view to disable this warning
19-07-21 01:35:12.237 task-1               DEBUG org.hibernate.SQL                      logStatement  128 drop table if exists user CASCADE 
Hibernate: drop table if exists user CASCADE 
19-07-21 01:35:12.238 task-1               DEBUG org.hibernate.SQL                      logStatement  128 create table user (userid varchar(20) not null, password varchar(20), username varchar(20), primary key (userid))
Hibernate: create table user (userid varchar(20) not null, password varchar(20), username varchar(20), primary key (userid))
19-07-21 01:35:12.240 task-1                INFO .p.i.JtaPlatformInitiator           initiateService   52 HHH000490: Using JtaPlatform implementation: [org.hibernate.engine.transaction.jta.platform.internal.NoJtaPlatform]
19-07-21 01:35:12.241 task-1                INFO rEntityManagerFactoryBean buildNativeEntityManagerFactory  416 Initialized JPA EntityManagerFactory for persistence unit 'default'
19-07-21 01:35:12.264 main                  INFO c.c.a.c.WebSecurityConfig authenticationManagerBean   69 START
19-07-21 01:35:12.264 main                  INFO c.c.a.c.WebSecurityConfig authenticationManagerBean   70 END
19-07-21 01:35:12.280 main                  INFO c.c.a.c.WebSecurityConfig                 configure   42 START
19-07-21 01:35:12.281 main                  INFO c.c.a.c.WebSecurityConfig                 configure   45 END
19-07-21 01:35:12.288 main                  INFO c.c.a.c.WebSecurityConfig        getPasswordEncoder   80 START
19-07-21 01:35:12.288 main                  INFO c.c.a.c.WebSecurityConfig        getPasswordEncoder   81 END
19-07-21 01:35:12.290 main                  INFO c.c.a.c.WebSecurityConfig                 configure   55 START
19-07-21 01:35:12.291 main                 DEBUG c.c.a.c.WebSecurityConfig                 configure   59 SESSION CREATE POLICY org.springframework.security.config.annotation.web.configurers.SessionManagementConfigurer@7a1bcfb1:
19-07-21 01:35:12.291 main                 DEBUG c.c.a.c.WebSecurityConfig                 configure   62 ADD FILTER BEFOREorg.springframework.security.config.annotation.web.builders.HttpSecurity@357d4b6d:
19-07-21 01:35:12.291 main                  INFO c.c.a.c.WebSecurityConfig                 configure   63 END
19-07-21 01:35:12.291 main                  INFO c.c.a.c.WebSecurityConfig                 configure   93 START
19-07-21 01:35:12.291 main                 DEBUG c.c.a.c.WebSecurityConfig                 configure   96 ANT MATCHERSorg.springframework.security.config.annotation.web.builders.WebSecurity$IgnoredRequestConfigurer@74d41fcf:
19-07-21 01:35:12.292 main                  INFO c.c.a.c.WebSecurityConfig                 configure   97 END
19-07-21 01:35:12.292 main                  INFO efaultSecurityFilterChain                    <init>   43 Creating filter chain: Ant [pattern='/login'], []
19-07-21 01:35:12.292 main                  INFO efaultSecurityFilterChain                    <init>   43 Creating filter chain: Ant [pattern='/h2-console/**'], []
19-07-21 01:35:12.293 main                  INFO efaultSecurityFilterChain                    <init>   43 Creating filter chain: Ant [pattern='/configuration/ui'], []
19-07-21 01:35:12.293 main                  INFO efaultSecurityFilterChain                    <init>   43 Creating filter chain: Ant [pattern='/configuration/security'], []
19-07-21 01:35:12.293 main                  INFO efaultSecurityFilterChain                    <init>   43 Creating filter chain: Ant [pattern='/webjars/**'], []
19-07-21 01:35:12.293 main                  INFO efaultSecurityFilterChain                    <init>   43 Creating filter chain: Ant [pattern='/manage/health/**'], []
19-07-21 01:35:12.297 main                  INFO efaultSecurityFilterChain                    <init>   43 Creating filter chain: any request, [org.springframework.security.web.context.request.async.WebAsyncManagerIntegrationFilter@25db5479, org.springframework.security.web.context.SecurityContextPersistenceFilter@10d28ee2, org.springframework.security.web.header.HeaderWriterFilter@7740d2c, org.springframework.security.web.authentication.logout.LogoutFilter@72cd5f41, com.cognizant.authorization.service.JwtRequestFilter@33966111, org.springframework.security.web.savedrequest.RequestCacheAwareFilter@7af66b8a, org.springframework.security.web.servletapi.SecurityContextHolderAwareRequestFilter@5dcc1495, org.springframework.security.web.authentication.AnonymousAuthenticationFilter@7bf96c4e, org.springframework.security.web.session.SessionManagementFilter@5c7eeeb2, org.springframework.security.web.access.ExceptionTranslationFilter@69c071db, org.springframework.security.web.access.intercept.FilterSecurityInterceptor@18a6451f]
19-07-21 01:35:12.302 main                  WARN .s.URLConfigurationSource                    <init>  121 No URLs will be polled as dynamic configuration sources.
19-07-21 01:35:12.302 main                  INFO .s.URLConfigurationSource                    <init>  122 To enable URLs as dynamic configuration sources, define System property archaius.configurationSource.additionalUrls or make config.properties available on classpath.
19-07-21 01:35:12.365 main                 DEBUG uestMappingHandlerAdapter initControllerAdviceCache  614 ControllerAdvice beans: 0 @ModelAttribute, 0 @InitBinder, 1 RequestBodyAdvice, 1 ResponseBodyAdvice
19-07-21 01:35:12.376 main                 DEBUG uestMappingHandlerMapping handlerMethodsInitialized  351 4 mappings in 'requestMappingHandlerMapping'
19-07-21 01:35:12.394 main                 DEBUG h.SimpleUrlHandlerMapping          registerHandlers  173 Patterns [/webjars/**, /**] in 'resourceHandlerMapping'
19-07-21 01:35:12.402 main                 DEBUG nHandlerExceptionResolver initExceptionHandlerAdviceCache  297 ControllerAdvice beans: 1 @ExceptionHandler, 1 ResponseBodyAdvice
19-07-21 01:35:12.693 main                  INFO OptionalArgsConfiguration discoveryClientOptionalArgs   78 Eureka HTTP Client uses Jersey
19-07-21 01:35:12.707 main                  WARN cerClientRibbonWarnLogger                logWarning   86 You already have RibbonLoadBalancerClient on your classpath. It will be used by default. As Spring Cloud Ribbon is in maintenance mode. We recommend switching to BlockingLoadBalancerClient instead. In order to use it, set the value of `spring.cloud.loadbalancer.ribbon.enabled` to `false` or remove spring-cloud-starter-netflix-ribbon from your project.
19-07-21 01:35:12.728 main                  INFO e.w.EndpointLinksResolver                    <init>   58 Exposing 2 endpoint(s) beneath base path '/actuator'
19-07-21 01:35:12.743 main                  INFO c.n.e.InstanceInfoFactory                    create   72 Setting initial instance status as: STARTING
19-07-21 01:35:12.747 main                  INFO c.n.d.DiscoveryClient                        <init>  371 Initializing Eureka in region us-east-1
19-07-21 01:35:12.749 main                  INFO p.DiscoveryJerseyProvider                    <init>   70 Using JSON encoding codec LegacyJacksonJson
19-07-21 01:35:12.750 main                  INFO p.DiscoveryJerseyProvider                    <init>   71 Using JSON decoding codec LegacyJacksonJson
19-07-21 01:35:12.750 main                  INFO p.DiscoveryJerseyProvider                    <init>   80 Using XML encoding codec XStreamXml
19-07-21 01:35:12.751 main                  INFO p.DiscoveryJerseyProvider                    <init>   81 Using XML decoding codec XStreamXml
19-07-21 01:35:12.828 main                  INFO r.a.ConfigClusterResolver       getClusterEndpoints   43 Resolving eureka endpoints via configuration
19-07-21 01:35:12.829 main                  INFO c.n.d.DiscoveryClient                 fetchRegistry 1004 Disable delta property : false
19-07-21 01:35:12.830 main                  INFO c.n.d.DiscoveryClient                 fetchRegistry 1005 Single vip registry refresh property : null
19-07-21 01:35:12.831 main                  INFO c.n.d.DiscoveryClient                 fetchRegistry 1006 Force full registry fetch : false
19-07-21 01:35:12.831 main                  INFO c.n.d.DiscoveryClient                 fetchRegistry 1007 Application is null : false
19-07-21 01:35:12.831 main                  INFO c.n.d.DiscoveryClient                 fetchRegistry 1008 Registered Applications size is zero : true
19-07-21 01:35:12.832 main                  INFO c.n.d.DiscoveryClient                 fetchRegistry 1010 Application version is -1: true
19-07-21 01:35:12.832 main                  INFO c.n.d.DiscoveryClient       getAndStoreFullRegistry 1093 Getting all instance registry info from the eureka server
19-07-21 01:35:12.837 main                  INFO c.n.d.DiscoveryClient       getAndStoreFullRegistry 1102 The response status is 200
19-07-21 01:35:12.839 main                  INFO c.n.d.DiscoveryClient            initScheduledTasks 1317 Starting heartbeat executor: renew interval is: 30
19-07-21 01:35:12.840 main                  INFO .d.InstanceInfoReplicator                    <init>   60 InstanceInfoReplicator onDemand update allowed rate per min is 4
19-07-21 01:35:12.842 main                  INFO c.n.d.DiscoveryClient                        <init>  491 Discovery Client initialized at timestamp 1626638712842 with initial instances count: 5
19-07-21 01:35:12.846 main                  INFO e.s.EurekaServiceRegistry                  register   41 Registering application CMS-AUTHORIZATION-SERVICE with eureka with status UP
19-07-21 01:35:12.847 main                  INFO c.n.d.DiscoveryClient                        notify 1353 Saw local status change event StatusChangeEvent [timestamp=1626638712847, current=UP, previous=STARTING]
19-07-21 01:35:12.848 anceInfoReplicator-0  INFO c.n.d.DiscoveryClient                      register  870 DiscoveryClient_CMS-AUTHORIZATION-SERVICE/LAPTOP-8FRVNDL1:cms-authorization-service:8089: registering service...
19-07-21 01:35:12.853 anceInfoReplicator-0  INFO c.n.d.DiscoveryClient                      register  879 DiscoveryClient_CMS-AUTHORIZATION-SERVICE/LAPTOP-8FRVNDL1:cms-authorization-service:8089 - registration status: 204
19-07-21 01:35:12.854 main                  WARN bServerApplicationContext                   refresh  559 Exception encountered during context initialization - cancelling refresh attempt: org.springframework.context.ApplicationContextException: Failed to start bean 'webServerStartStop'; nested exception is org.springframework.boot.web.server.PortInUseException: Port 8089 is already in use
19-07-21 01:35:12.857 main                  INFO rEntityManagerFactoryBean                   destroy  598 Closing JPA EntityManagerFactory for persistence unit 'default'
19-07-21 01:35:12.858 main                  INFO mpl$DelayedDropActionImpl                   perform  526 HHH000477: Starting delayed evictData of schema as part of SessionFactory shut-down'
19-07-21 01:35:12.858 main                 DEBUG org.hibernate.SQL                      logStatement  128 drop table if exists user CASCADE 
Hibernate: drop table if exists user CASCADE 
19-07-21 01:35:12.859 main                  INFO .c.ThreadPoolTaskExecutor                  shutdown  218 Shutting down ExecutorService 'applicationTaskExecutor'
19-07-21 01:35:12.859 main                  INFO c.z.h.HikariDataSource                        close  350 HikariPool-3 - Shutdown initiated...
19-07-21 01:35:12.862 main                  INFO c.z.h.HikariDataSource                        close  352 HikariPool-3 - Shutdown completed.
19-07-21 01:35:12.863 main                  INFO c.n.d.DiscoveryClient                      shutdown  932 Shutting down DiscoveryClient ...
19-07-21 01:35:15.871 main                  INFO c.n.d.DiscoveryClient                    unregister  968 Unregistering ...
19-07-21 01:35:15.880 main                  INFO c.n.d.DiscoveryClient                    unregister  970 DiscoveryClient_CMS-AUTHORIZATION-SERVICE/LAPTOP-8FRVNDL1:cms-authorization-service:8089 - deregister  status: 200
19-07-21 01:35:15.898 main                  INFO c.n.d.DiscoveryClient                      shutdown  957 Completed shut down of DiscoveryClient
19-07-21 01:35:15.899 main                  INFO o.a.c.c.StandardService                         log  173 Stopping service [Tomcat]
19-07-21 01:35:15.916 main                  INFO tionReportLoggingListener                logMessage  136 

Error starting ApplicationContext. To display the conditions report re-run your application with 'debug' enabled.
19-07-21 01:35:15.917 main                 ERROR ngFailureAnalysisReporter                    report   40 

***************************
APPLICATION FAILED TO START
***************************

Description:

Web server failed to start. Port 8089 was already in use.

Action:

Identify and stop the process that's listening on port 8089 or configure this application to listen on another port.

]]></system-out>
  </testcase>
</testsuite>